make.exe all --print-data-base --no-builtin-variables --no-builtin-rules --question
# GNU Make 3.81
# Copyright (C) 2006  Free Software Foundation, Inc.
# This is free software; see the source for copying conditions.
# There is NO warranty; not even for MERCHANTABILITY or FITNESS FOR A
# PARTICULAR PURPOSE.

# This program built for i386-pc-mingw32

# Make data base, printed on Wed Sep 08 15:32:53 2021

# Variables

# automatic
<D = $(patsubst %/,%,$(dir $<))
# automatic
?F = $(notdir $?)
# makefile (from `makefile', line 2)
SRC = promain.c src/add.c src/delete.c src/edit.c src/view.c 
# makefile
MAKEFLAGS = Rrqp
# environment
VSCODE_LOG_NATIVE = false
# automatic
?D = $(patsubst %/,%,$(dir $?))
# automatic
@D = $(patsubst %/,%,$(dir $@))
# environment
HOMEDRIVE = C:
# automatic
@F = $(notdir $@)
# automatic
^D = $(patsubst %/,%,$(dir $^))
# makefile
CURDIR := c:/Users/Aditi Iyer/Desktop/3_Implementation
# default
SHELL := sh.exe
# makefile (from `makefile', line 16)
RM = del /q
# environment
WINDIR = C:\WINDOWS
# environment
VSCODE_NLS_CONFIG = {"locale":"en-us","availableLanguages":{},"_languagePackSupport":true}
# environment
ONEDRIVE = C:\Users\Aditi Iyer\OneDrive
# environment
PATHEXT = .COM;.EXE;.BAT;.CMD;.VBS;.VBE;.JS;.JSE;.WSF;.WSH;.MSC
# makefile (from `makefile', line 1)
MAKEFILE_LIST :=  makefile
# makefile (from `makefile', line 17)
FixPath = $(subst /,\,$1)
# environment
TMP = C:\Users\ADITII~1\AppData\Local\Temp
# environment
VSCODE_VERBOSE_LOGGING = true
# environment
PROGRAMW6432 = C:\Program Files
# environment
PROGRAMDATA = C:\ProgramData
# environment
VSCODE_IPC_HOOK_EXTHOST = \\.\pipe\vscode-ipc-47aac9e1-aeaa-4702-b13e-6c2d369d835a-sock
# environment
VSCODE_CWD = C:\Users\Aditi Iyer\AppData\Local\Programs\Microsoft VS Code
# makefile (from `makefile', line 10)
TEST_SRC = src/price.c src/test_main.c unity/unity.c 
# environment
PATH = C:\WINDOWS\system32;C:\WINDOWS;C:\WINDOWS\System32\Wbem;C:\WINDOWS\System32\WindowsPowerShell\v1.0\;C:\WINDOWS\System32\OpenSSH\;C:\Program Files\Git\cmd;C:\Program Files\dotnet\;C:\Users\Aditi Iyer\AppData\Local\Microsoft\WindowsApps;C:\Users\Aditi Iyer\AppData\Local\GitHubDesktop\bin;C:\Users\Aditi Iyer\.dotnet\tools;C:\Users\Aditi Iyer\AppData\Local\Programs\Microsoft VS Code\bin;C:\MinGW\bin;C:\Program Files (x86)\GnuWin32\bin;
# makefile (from `makefile', line 26)
TEST_OUTPUT = $(BUILD)/Test_$(PROJECT_NAME).$(EXEC)
# environment
COMMONPROGRAMW6432 = C:\Program Files\Common Files
# environment
PROCESSOR_ARCHITECTURE = x86
# environment
USERPROFILE = C:\Users\Aditi Iyer
# environment
ALLUSERSPROFILE = C:\ProgramData
# environment
VSCODE_LOG_STACK = false
# environment
NUMBER_OF_PROCESSORS = 8
# environment
ELECTRON_RUN_AS_NODE = 1
# default
.FEATURES := target-specific order-only second-expansion else-if archives
# automatic
%F = $(notdir $%)
# environment
CHROME_CRASHPAD_PIPE_NAME = \\.\pipe\crashpad_7832_CZUGZUTNUIFAKFKI
# environment
VSCODE_PIPE_LOGGING = true
# environment
COMPUTERNAME = DESKTOP-LGAUCCC
# environment
PROGRAMFILES = C:\Program Files (x86)
# environment
DRIVERDATA = C:\Windows\System32\Drivers\DriverData
# environment
ORIGINAL_XDG_CURRENT_DESKTOP = undefined
# environment
USERNAME = Aditi Iyer
# environment
PUBLIC = C:\Users\Public
# environment
VSCODE_AMD_ENTRYPOINT = vs/workbench/services/extensions/node/extensionHostProcess
# environment
VSCODE_CODE_CACHE_PATH = C:\Users\Aditi Iyer\AppData\Roaming\Code\CachedData\e7d7e9a9348e6a8cc8c03f877d39cb72e5dfb1ff
# environment
APPLICATION_INSIGHTS_NO_DIAGNOSTIC_CHANNEL = true
# environment
COMMONPROGRAMFILES = C:\Program Files (x86)\Common Files
# environment
LOGONSERVER = \\DESKTOP-LGAUCCC
# environment
VSCODE_HANDLES_UNCAUGHT_ERRORS = true
# environment
USERDOMAIN = DESKTOP-LGAUCCC
# default
MAKE = $(MAKE_COMMAND)
# default
MAKECMDGOALS := all
# makefile (from `makefile', line 18)
EXEC = exe
# default
MAKE_VERSION := 3.81
# makefile
.DEFAULT_GOAL := all
# environment
PROGRAMFILES(X86) = C:\Program Files (x86)
# automatic
%D = $(patsubst %/,%,$(dir $%))
# environment
LOCALAPPDATA = C:\Users\Aditi Iyer\AppData\Local
# environment
PSMODULEPATH = C:\Program Files\WindowsPowerShell\Modules;C:\WINDOWS\system32\WindowsPowerShell\v1.0\Modules
# default
MAKE_COMMAND := make.exe
# makefile (from `makefile', line 27)
INC = -Iinc -Iunity
# environment
PROCESSOR_ARCHITEW6432 = AMD64
# default
.VARIABLES := 
# automatic
*F = $(notdir $*)
# environment
PROCESSOR_IDENTIFIER = Intel64 Family 6 Model 142 Stepping 10, GenuineIntel
# environment
OS = Windows_NT
# environment
VSCODE_IPC_HOOK = \\.\pipe\0c3f925b0e36afda0f4f07a4c02ecc57-1.60.0-main-sock
# environment
HOMEPATH = \Users\Aditi Iyer
# environment
COMMONPROGRAMFILES(X86) = C:\Program Files (x86)\Common Files
# environment
PROMPT = $P$G
# environment
MFLAGS = -Rrqp
# automatic
*D = $(patsubst %/,%,$(dir $*))
# environment
SYSTEMROOT = C:\WINDOWS
# automatic
+D = $(patsubst %/,%,$(dir $+))
# automatic
+F = $(notdir $+)
# environment
APPDATA = C:\Users\Aditi Iyer\AppData\Roaming
# environment
TEMP = C:\Users\ADITII~1\AppData\Local\Temp
# environment
COMSPEC = C:\WINDOWS\system32\cmd.exe
# default
MAKEFILES := 
# automatic
<F = $(notdir $<)
# environment
LC_ALL = C
# automatic
^F = $(notdir $^)
# default
SUFFIXES := 
# environment
SYSTEMDRIVE = C:
# environment
SESSIONNAME = Console
# environment
PROCESSOR_REVISION = 8e0a
# makefile (from `makefile', line 1)
PROJ_NAME = ProM
# environment
MAKELEVEL := 0
# environment
LANG = C
# environment
PROCESSOR_LEVEL = 6
# environment
VSCODE_PID = 7832
# environment
USERDOMAIN_ROAMINGPROFILE = DESKTOP-LGAUCCC
# variable set hash-table stats:
# Load=94/1024=9%, Rehash=0, Collisions=9/125=7%

# Pattern-specific Variable Values

# No pattern-specific variable values.

# Directories

# C:\WINDOWS\System32\WindowsPowerShell\v1.0\ (key C:/WINDOWS/System32/WindowsPowerShell/v1.0/, mtime 1616749173): 30 files, no impossibilities.
# C:\WINDOWS\System32\Wbem (key C:/WINDOWS/System32/Wbem, mtime 1629105631): 170 files, no impossibilities.
# . (key c:/Users/Aditi Iyer/Desktop/3_Implementation, mtime 1631095340): 13 files, no impossibilities.
# C:\Program Files\dotnet\ (key C:/Program Files/dotnet/, mtime 1630336490): 11 files, no impossibilities.
# C:\MinGW\bin (key C:/MinGW/bin, mtime 1630477712): 55 files, no impossibilities.
# C:\WINDOWS\System32\OpenSSH\: could not be stat'd.
# C:\Users\Aditi Iyer\AppData\Local\Programs\Microsoft VS Code\bin (key C:/Users/Aditi Iyer/AppData/Local/Programs/Microsoft VS Code/bin, mtime 1630651722): 4 files, no impossibilities.
# C:\WINDOWS (key C:/WINDOWS, mtime 1631089062): 113 files, no impossibilities.
# C:\Users\Aditi Iyer\.dotnet\tools: could not be stat'd.
# C:\Users\Aditi Iyer\AppData\Local\GitHubDesktop\bin (key C:/Users/Aditi Iyer/AppData/Local/GitHubDesktop/bin, mtime 1630259071): 4 files, no impossibilities.
# C:\Users\Aditi Iyer\AppData\Local\Microsoft\WindowsApps (key C:/Users/Aditi Iyer/AppData/Local/Microsoft/WindowsApps, mtime 1630905881): 20 files, no impossibilities.
# C:\Program Files\Git\cmd (key C:/Program Files/Git/cmd, mtime 1630227003): 8 files, no impossibilities.
# C:\WINDOWS\system32 (key C:/WINDOWS/system32, mtime 1631089176): 2832 files, no impossibilities.
# C:\Program Files (x86)\GnuWin32\bin (key C:/Program Files (x86)/GnuWin32/bin, mtime 1630853531): 5 files, no impossibilities.

# 3265 files, no impossibilities in 14 directories.

# Implicit Rules

# No implicit rules.

# Files

staticcheck:
#  Implicit rule search has not been done.
#  Modification time never checked.
#  File has not been updated.
#  commands to execute (from `makefile', line 48):
	cppcheck --enable=all -iunity .
	

build_test:
#  Implicit rule search has not been done.
#  Modification time never checked.
#  File has not been updated.
#  commands to execute (from `makefile', line 40):
	gcc $(TEST_SRC) $(INC) $(INCLUDE_LIBS) -o $(call FixPath,$(PROJ_NAME).$(EXEC)) -lm
	

all: promain.c src/add.c src/delete.c src/edit.c src/view.c
#  Command-line target.
#  Implicit rule search has not been done.
#  Implicit/static pattern stem: `'
#  File does not exist.
#  File has been updated.
#  Needs to be updated (-q is set).
# automatic
# @ := all
# automatic
# % := 
# automatic
# * := 
# automatic
# + := promain.c src/add.c src/delete.c src/edit.c src/view.c
# automatic
# | := 
# automatic
# < := promain.c
# automatic
# ^ := promain.c src/add.c src/delete.c src/edit.c src/view.c
# automatic
# ? := promain.c src/add.c src/delete.c src/edit.c src/view.c
# variable set hash-table stats:
# Load=8/32=25%, Rehash=0, Collisions=5/16=31%
#  commands to execute (from `makefile', line 31):
	gcc $(SRC) $(INC) -o $(call FixPath,$(PROJ_NAME).$(EXEC)) -lm
	

analyze: test memcheck staticcheck coverage sanitize_check
#  Implicit rule search has not been done.
#  Modification time never checked.
#  File has not been updated.

memcheck:
#  Implicit rule search has not been done.
#  Modification time never checked.
#  File has not been updated.
#  commands to execute (from `makefile', line 51):
	valgrind ./$(TEST_OUTPUT)
	

# Not a target:
.DEFAULT:
#  Implicit rule search has not been done.
#  Modification time never checked.
#  File has not been updated.

# Not a target:
src/delete.c:
#  Implicit rule search has been done.
#  Last modified 2021-09-08 09:26:07
#  File has been updated.
#  Successfully updated.
# variable set hash-table stats:
# Load=0/32=0%, Rehash=0, Collisions=0/0=0%

sanitize_check:
#  Implicit rule search has not been done.
#  Modification time never checked.
#  File has not been updated.
#  commands to execute (from `makefile', line 54):
	gcc -fsanitize=address -fno-omit-frame-pointer $(TEST_SRC) $(INC) -o $(TEST_OUTPUT) 
	./$(TEST_OUTPUT)
	

# Not a target:
test:
#  Implicit rule search has not been done.
#  Modification time never checked.
#  File has not been updated.

# Not a target:
makefile:
#  Implicit rule search has been done.
#  Last modified 2021-09-08 15:29:54
#  File has been updated.
#  Successfully updated.
# variable set hash-table stats:
# Load=0/32=0%, Rehash=0, Collisions=0/0=0%

run_test: build_test
#  Implicit rule search has not been done.
#  Modification time never checked.
#  File has not been updated.
#  commands to execute (from `makefile', line 43):
	./$(call FixPath,$(PROJ_NAME).$(EXEC))
	

# Not a target:
src/edit.c:
#  Implicit rule search has been done.
#  Last modified 2021-09-08 09:26:27
#  File has been updated.
#  Successfully updated.
# variable set hash-table stats:
# Load=0/32=0%, Rehash=0, Collisions=0/0=0%

# Not a target:
.SUFFIXES:
#  Implicit rule search has not been done.
#  Modification time never checked.
#  File has not been updated.

# Not a target:
promain.c:
#  Implicit rule search has been done.
#  Last modified 2021-09-08 14:35:51
#  File has been updated.
#  Successfully updated.
# variable set hash-table stats:
# Load=0/32=0%, Rehash=0, Collisions=0/0=0%

# Not a target:
src/view.c:
#  Implicit rule search has been done.
#  Last modified 2021-09-07 22:07:19
#  File has been updated.
#  Successfully updated.
# variable set hash-table stats:
# Load=0/32=0%, Rehash=0, Collisions=0/0=0%

run: all
#  Implicit rule search has not been done.
#  Modification time never checked.
#  File has not been updated.
#  commands to execute (from `makefile', line 35):
	./$(call FixPath,$(PROJ_NAME).$(EXEC))
	

clean:
#  Implicit rule search has not been done.
#  Modification time never checked.
#  File has not been updated.
#  commands to execute (from `makefile', line 58):
	$(RM) $(call FixPath,$(PROJ_NAME).$(EXEC))
	

# Not a target:
coverage:
#  Implicit rule search has not been done.
#  Modification time never checked.
#  File has not been updated.

# Not a target:
src/add.c:
#  Implicit rule search has been done.
#  Last modified 2021-09-08 14:32:10
#  File has been updated.
#  Successfully updated.
# variable set hash-table stats:
# Load=0/32=0%, Rehash=0, Collisions=0/0=0%

# files hash-table stats:
# Load=19/1024=2%, Rehash=0, Collisions=0/44=0%
# VPATH Search Paths

# No `vpath' search paths.

# No general (`VPATH' variable) search path.

# # of strings in strcache: 1
# # of strcache buffers: 1
# strcache size: total = 4096 / max = 4096 / min = 4096 / avg = 4096
# strcache free: total = 4087 / max = 4087 / min = 4087 / avg = 4087

# Finished Make data base on Wed Sep 08 15:32:53 2021

 
